<?xml version="1.0" encoding="UTF-8"?>
<!-- Generated by org.testng.reporters.JUnitXMLReporter -->
<testsuite ignored="0" hostname="LAPTOP-4SG5IKJK" failures="1" tests="1" name="Default test" time="0.497" errors="0" timestamp="01 May 2023 22:27:11 GMT">
  <testcase classname="io.cucumber.testng.AbstractTestNGCucumberTests" name="runScenario" time="0.166">
    <failure type="java.lang.NullPointerException">
      <![CDATA[java.lang.NullPointerException
at smarttect.ny.BasePage.SuperClass.initialization(SuperClass.java:37)
at smarttech.ny.StepDef.StepDefinition.verify_that_home_page_is_visible_successfully(StepDefinition.java:10)
at ✽.Verify that home page is visible successfully(file:///C:/Users/user/eclipse-workspace/Practice_E2E/./Pauto.feature/Practice.feature:6)
]]>
    </failure>
  </testcase> <!-- runScenario -->
</testsuite> <!-- Default test -->
