<?xml version="1.0" encoding="UTF-8"?>
<testng-results ignored="0" total="1" passed="0" failed="1" skipped="0">
  <reporter-output>
  </reporter-output>
  <suite started-at="2023-05-01T22:27:10Z" name="Default suite" finished-at="2023-05-01T22:27:11Z" duration-ms="497">
    <groups>
      <group name="cucumber">
        <method signature="AbstractTestNGCucumberTests.runScenario(io.cucumber.testng.PickleWrapper, io.cucumber.testng.FeatureWrapper)[pri:0, instance:smarttech.ny.runner.MyRunner@ae3540e]" name="runScenario" class="io.cucumber.testng.AbstractTestNGCucumberTests"/>
      </group> <!-- cucumber -->
    </groups>
    <test started-at="2023-05-01T22:27:10Z" name="Default test" finished-at="2023-05-01T22:27:11Z" duration-ms="497">
      <class name="smarttech.ny.runner.MyRunner">
        <test-method is-config="true" signature="setUpClass()[pri:0, instance:smarttech.ny.runner.MyRunner@ae3540e]" started-at="2023-05-01T22:27:10Z" name="setUpClass" finished-at="2023-05-01T22:27:11Z" duration-ms="296" status="PASS">
          <reporter-output>
          </reporter-output>
        </test-method> <!-- setUpClass -->
        <test-method signature="runScenario(io.cucumber.testng.PickleWrapper, io.cucumber.testng.FeatureWrapper)[pri:0, instance:smarttech.ny.runner.MyRunner@ae3540e]" started-at="2023-05-01T22:27:11Z" name="runScenario" description="Runs Cucumber Scenarios" data-provider="scenarios" finished-at="2023-05-01T22:27:11Z" duration-ms="166" status="FAIL">
          <params>
            <param index="0">
              <value>
                <![CDATA["User Able To Login, Purchase And Download Invoice."]]>
              </value>
            </param>
            <param index="1">
              <value>
                <![CDATA["Optional[Valid Users Able To Download Invoice after purchase the order.]"]]>
              </value>
            </param>
          </params>
          <exception class="java.lang.NullPointerException">
            <full-stacktrace>
              <![CDATA[java.lang.NullPointerException
at smarttect.ny.BasePage.SuperClass.initialization(SuperClass.java:37)
at smarttech.ny.StepDef.StepDefinition.verify_that_home_page_is_visible_successfully(StepDefinition.java:10)
at ✽.Verify that home page is visible successfully(file:///C:/Users/user/eclipse-workspace/Practice_E2E/./Pauto.feature/Practice.feature:6)
]]>
            </full-stacktrace>
          </exception> <!-- java.lang.NullPointerException -->
          <reporter-output>
          </reporter-output>
        </test-method> <!-- runScenario -->
        <test-method is-config="true" signature="tearDownClass()[pri:0, instance:smarttech.ny.runner.MyRunner@ae3540e]" started-at="2023-05-01T22:27:11Z" name="tearDownClass" finished-at="2023-05-01T22:27:11Z" duration-ms="12" status="PASS">
          <reporter-output>
          </reporter-output>
        </test-method> <!-- tearDownClass -->
      </class> <!-- smarttech.ny.runner.MyRunner -->
    </test> <!-- Default test -->
  </suite> <!-- Default suite -->
</testng-results>
