<?xml version="1.0" encoding="UTF-8"?>
<!-- Generated by org.testng.reporters.JUnitReportReporter -->
<testsuite hostname="LAPTOP-4SG5IKJK" failures="0" tests="1" name="smarttech.ny.runner.MyRunner" time="0.166" errors="1" timestamp="01 May 2023 22:27:11 GMT" skipped="0">
  <testcase classname="smarttech.ny.runner.MyRunner" name="runScenario" time="0.166">
    <error type="java.lang.NullPointerException">
      <![CDATA[java.lang.NullPointerException
at smarttect.ny.BasePage.SuperClass.initialization(SuperClass.java:37)
at smarttech.ny.StepDef.StepDefinition.verify_that_home_page_is_visible_successfully(StepDefinition.java:10)
at ✽.Verify that home page is visible successfully(file:///C:/Users/user/eclipse-workspace/Practice_E2E/./Pauto.feature/Practice.feature:6)
]]>
    </error>
  </testcase> <!-- runScenario -->
</testsuite> <!-- smarttech.ny.runner.MyRunner -->
